<?xml version="1.0" encoding="UTF-8"?>
<!-- Generated by org.testng.reporters.JUnitReportReporter -->
<testsuite hostname="DESKTOP-ANVVC6A" failures="1" tests="1" name="testNG.Assignment061321" time="12.454" errors="0" timestamp="2021-06-16T18:58:20 EDT" skipped="0">
  <testcase classname="testNG.Assignment061321" name="searchDepartment" time="12.454">
    <failure message="expected [Amazon Fresh] but found [Amazon Fresh
All Departments
Audible Books &amp; Originals
Alexa Skills
Amazon Devices
Amazon Fresh
Amazon Pharmacy
Amazon Warehouse
Appliances
Apps &amp; Games
Arts, Crafts &amp; Sewing
Automotive Parts &amp; Accessories
Baby
Beauty &amp; Personal Care
Books
CDs &amp; Vinyl
Cell Phones &amp; Accessories
Clothing, Shoes &amp; Jewelry
   Women
   Men
   Girls
   Boys
   Baby
Amazon Explore
Collectibles &amp; Fine Art
Computers
Courses
Credit and Payment Cards
Digital Educational Resources
Digital Music
Electronics
Garden &amp; Outdoor
Gift Cards
Grocery &amp; Gourmet Food
Handmade
Health, Household &amp; Baby Care
Home &amp; Business Services
Home &amp; Kitchen
Industrial &amp; Scientific
Just for Prime
Kindle Store
Luggage &amp; Travel Gear
Luxury Stores
Magazine Subscriptions
Movies &amp; TV
Musical Instruments
Office Products
Pet Supplies
Premium Beauty
Prime Video
Smart Home
Software
Sports &amp; Outdoors
Subscribe &amp; Save
Subscription Boxes
Tools &amp; Home Improvement
Toys &amp; Games
Under $10
Vehicles
Video Games
Whole Foods Market]" type="java.lang.AssertionError">
      <![CDATA[java.lang.AssertionError: expected [Amazon Fresh] but found [Amazon Fresh
All Departments
Audible Books & Originals
Alexa Skills
Amazon Devices
Amazon Fresh
Amazon Pharmacy
Amazon Warehouse
Appliances
Apps & Games
Arts, Crafts & Sewing
Automotive Parts & Accessories
Baby
Beauty & Personal Care
Books
CDs & Vinyl
Cell Phones & Accessories
Clothing, Shoes & Jewelry
   Women
   Men
   Girls
   Boys
   Baby
Amazon Explore
Collectibles & Fine Art
Computers
Courses
Credit and Payment Cards
Digital Educational Resources
Digital Music
Electronics
Garden & Outdoor
Gift Cards
Grocery & Gourmet Food
Handmade
Health, Household & Baby Care
Home & Business Services
Home & Kitchen
Industrial & Scientific
Just for Prime
Kindle Store
Luggage & Travel Gear
Luxury Stores
Magazine Subscriptions
Movies & TV
Musical Instruments
Office Products
Pet Supplies
Premium Beauty
Prime Video
Smart Home
Software
Sports & Outdoors
Subscribe & Save
Subscription Boxes
Tools & Home Improvement
Toys & Games
Under $10
Vehicles
Video Games
Whole Foods Market]
at org.testng.Assert.fail(Assert.java:99)
at org.testng.Assert.failNotEquals(Assert.java:1037)
at org.testng.Assert.assertEqualsImpl(Assert.java:140)
at org.testng.Assert.assertEquals(Assert.java:122)
at org.testng.Assert.assertEquals(Assert.java:629)
at org.testng.Assert.assertEquals(Assert.java:639)
at testNG.Assignment061321.searchDepartment(Assignment061321.java:136)
at java.base/jdk.internal.reflect.NativeMethodAccessorImpl.invoke0(Native Method)
at java.base/jdk.internal.reflect.NativeMethodAccessorImpl.invoke(NativeMethodAccessorImpl.java:64)
at java.base/jdk.internal.reflect.DelegatingMethodAccessorImpl.invoke(DelegatingMethodAccessorImpl.java:43)
at java.base/java.lang.reflect.Method.invoke(Method.java:564)
at org.testng.internal.MethodInvocationHelper.invokeMethod(MethodInvocationHelper.java:133)
at org.testng.internal.TestInvoker.invokeMethod(TestInvoker.java:598)
at org.testng.internal.TestInvoker.invokeTestMethod(TestInvoker.java:173)
at org.testng.internal.MethodRunner.runInSequence(MethodRunner.java:46)
at org.testng.internal.TestInvoker$MethodInvocationAgent.invoke(TestInvoker.java:824)
at org.testng.internal.TestInvoker.invokeTestMethods(TestInvoker.java:146)
at org.testng.internal.TestMethodWorker.invokeTestMethods(TestMethodWorker.java:146)
at org.testng.internal.TestMethodWorker.run(TestMethodWorker.java:128)
at java.base/java.util.ArrayList.forEach(ArrayList.java:1511)
at org.testng.TestRunner.privateRun(TestRunner.java:794)
at org.testng.TestRunner.run(TestRunner.java:596)
at org.testng.SuiteRunner.runTest(SuiteRunner.java:377)
at org.testng.SuiteRunner.runSequentially(SuiteRunner.java:371)
at org.testng.SuiteRunner.privateRun(SuiteRunner.java:332)
at org.testng.SuiteRunner.run(SuiteRunner.java:276)
at org.testng.SuiteRunnerWorker.runSuite(SuiteRunnerWorker.java:53)
at org.testng.SuiteRunnerWorker.run(SuiteRunnerWorker.java:96)
at org.testng.TestNG.runSuitesSequentially(TestNG.java:1212)
at org.testng.TestNG.runSuitesLocally(TestNG.java:1134)
at org.testng.TestNG.runSuites(TestNG.java:1063)
at org.testng.TestNG.run(TestNG.java:1031)
at org.testng.remote.AbstractRemoteTestNG.run(AbstractRemoteTestNG.java:115)
at org.testng.remote.RemoteTestNG.initAndRun(RemoteTestNG.java:251)
at org.testng.remote.RemoteTestNG.main(RemoteTestNG.java:77)
]]>
    </failure>
  </testcase> <!-- searchDepartment -->
  <system-out/>
</testsuite> <!-- testNG.Assignment061321 -->
