<?xml version="1.0" encoding="UTF-8"?>
<!-- Generated by org.testng.reporters.JUnitReportReporter -->
<testsuite hostname="DESKTOP-ANVVC6A" failures="0" tests="5" name="testNG.DataDriven" time="8.723" errors="0" timestamp="2021-07-04T19:26:12 EDT" skipped="0">
  <testcase classname="testNG.DataDriven" name="signInNegativeLogin" time="1.631"/>
  <system-out/>
  <testcase classname="testNG.DataDriven" name="signInNegativeLogin" time="2.237"/>
  <system-out/>
  <testcase classname="testNG.DataDriven" name="signInNegativeLogin" time="1.654"/>
  <system-out/>
  <testcase classname="testNG.DataDriven" name="signInNegativeLogin" time="1.590"/>
  <system-out/>
  <testcase classname="testNG.DataDriven" name="signInNegativeLogin" time="1.611"/>
  <system-out/>
</testsuite> <!-- testNG.DataDriven -->
