<?xml version="1.0" encoding="UTF-8"?>
<!-- Generated by org.testng.reporters.JUnitReportReporter -->
<testsuite hostname="DESKTOP-ANVVC6A" failures="0" tests="4" name="testNG.KeywordsAndAnnotations" time="16.428" errors="1" timestamp="2021-07-04T20:31:21 EDT" skipped="0">
  <testcase classname="testNG.KeywordsAndAnnotations" name="setDepartment" time="1.745"/>
  <system-out/>
  <testcase classname="testNG.KeywordsAndAnnotations" name="searchDepartment" time="1.741"/>
  <system-out/>
  <testcase classname="testNG.KeywordsAndAnnotations" name="primeAndTryfromFrame" time="2.834"/>
  <system-out/>
  <testcase classname="testNG.KeywordsAndAnnotations" name="accountAndList" time="10.108">
    <error message="Method testNG.KeywordsAndAnnotations.accountAndList() didn&#039;t finish within the time-out 5000" type="org.testng.internal.thread.ThreadTimeoutException">
      <![CDATA[org.testng.internal.thread.ThreadTimeoutException: Method testNG.KeywordsAndAnnotations.accountAndList() didn't finish within the time-out 5000
at org.testng.internal.MethodInvocationHelper.invokeWithTimeoutWithNoExecutor(MethodInvocationHelper.java:348)
at org.testng.internal.MethodInvocationHelper.invokeWithTimeout(MethodInvocationHelper.java:281)
at org.testng.internal.TestInvoker.invokeMethod(TestInvoker.java:604)
at org.testng.internal.TestInvoker.invokeTestMethod(TestInvoker.java:173)
at org.testng.internal.MethodRunner.runInSequence(MethodRunner.java:46)
at org.testng.internal.TestInvoker$MethodInvocationAgent.invoke(TestInvoker.java:824)
at org.testng.internal.TestInvoker.invokeTestMethods(TestInvoker.java:146)
at org.testng.internal.TestMethodWorker.invokeTestMethods(TestMethodWorker.java:146)
at org.testng.internal.TestMethodWorker.run(TestMethodWorker.java:128)
at java.base/java.util.concurrent.ThreadPoolExecutor.runWorker(ThreadPoolExecutor.java:1130)
at java.base/java.util.concurrent.ThreadPoolExecutor$Worker.run(ThreadPoolExecutor.java:630)
at java.base/java.lang.Thread.run(Thread.java:832)
]]>
    </error>
  </testcase> <!-- accountAndList -->
  <system-out/>
</testsuite> <!-- testNG.KeywordsAndAnnotations -->
