<?xml version="1.0" encoding="UTF-8"?>
<!-- Generated by org.testng.reporters.JUnitReportReporter -->
<testsuite hostname="DESKTOP-ANVVC6A" failures="0" tests="1" name="testNG.ReadyforTDDPOM" time="17.831" errors="0" timestamp="2021-07-11T21:26:22 EDT" skipped="0">
  <testcase classname="testNG.ReadyforTDDPOM" name="trialEntry" time="17.831"/>
  <system-out/>
</testsuite> <!-- testNG.ReadyforTDDPOM -->
