<?xml version="1.0" encoding="UTF-8"?>
<!-- Generated by org.testng.reporters.JUnitReportReporter -->
<testsuite hostname="DESKTOP-ANVVC6A" failures="0" tests="8" name="testNG.TestNGforParameterizationStudy" time="6.945" errors="0" timestamp="2021-07-07T13:21:00 EDT" skipped="0">
  <testcase classname="testNG.TestNGforParameterizationStudy" name="testonDemoforStudy" time="0.838"/>
  <system-out/>
  <testcase classname="testNG.TestNGforParameterizationStudy" name="testonDemoforStudy" time="0.914"/>
  <system-out/>
  <testcase classname="testNG.TestNGforParameterizationStudy" name="testonDemoforStudy" time="0.879"/>
  <system-out/>
  <testcase classname="testNG.TestNGforParameterizationStudy" name="testonDemoforStudy" time="0.889"/>
  <system-out/>
  <testcase classname="testNG.TestNGforParameterizationStudy" name="testonDemoforStudy" time="0.807"/>
  <system-out/>
  <testcase classname="testNG.TestNGforParameterizationStudy" name="testonDemoforStudy" time="0.897"/>
  <system-out/>
  <testcase classname="testNG.TestNGforParameterizationStudy" name="testonDemoforStudy" time="0.882"/>
  <system-out/>
  <testcase classname="testNG.TestNGforParameterizationStudy" name="testonDemoforStudy" time="0.839"/>
  <system-out/>
</testsuite> <!-- testNG.TestNGforParameterizationStudy -->
