<?xml version="1.0" encoding="UTF-8"?>
<!-- Generated by org.testng.reporters.JUnitReportReporter -->
<testsuite hostname="DESKTOP-ANVVC6A" failures="0" tests="5" name="testNG.DataDrivenDupli" time="12.277" errors="0" timestamp="2021-07-04T20:31:21 EDT" skipped="0">
  <testcase classname="testNG.DataDrivenDupli" name="signInNegativeLogin" time="2.178"/>
  <system-out/>
  <testcase classname="testNG.DataDrivenDupli" name="signInNegativeLogin" time="2.431"/>
  <system-out/>
  <testcase classname="testNG.DataDrivenDupli" name="signInNegativeLogin" time="2.120"/>
  <system-out/>
  <testcase classname="testNG.DataDrivenDupli" name="signInNegativeLogin" time="3.466"/>
  <system-out/>
  <testcase classname="testNG.DataDrivenDupli" name="signInNegativeLogin" time="2.082"/>
  <system-out/>
</testsuite> <!-- testNG.DataDrivenDupli -->
