<?xml version="1.0" encoding="UTF-8"?>
<!-- Generated by org.testng.reporters.JUnitReportReporter -->
<testsuite hostname="DESKTOP-ANVVC6A" failures="0" tests="5" name="testNG.JustTestCasesforXMLStudy" time="12.268" errors="0" timestamp="2021-07-04T20:31:21 EDT" skipped="0">
  <testcase classname="testNG.JustTestCasesforXMLStudy" name="customerServiceLinkTest" time="1.536"/>
  <system-out/>
  <testcase classname="testNG.JustTestCasesforXMLStudy" name="languageToggleTest" time="2.027"/>
  <system-out/>
  <testcase classname="testNG.JustTestCasesforXMLStudy" name="shoppingCart" time="0.937"/>
  <system-out/>
  <testcase classname="testNG.JustTestCasesforXMLStudy" name="allDptLinkCheck" time="4.565"/>
  <system-out/>
  <testcase classname="testNG.JustTestCasesforXMLStudy" name="homeBusinessEmblemCheck" time="3.203"/>
  <system-out/>
</testsuite> <!-- testNG.JustTestCasesforXMLStudy -->
