<?xml version="1.0" encoding="UTF-8"?>
<!-- Generated by org.testng.reporters.JUnitReportReporter -->
<testsuite hostname="DESKTOP-ANVVC6A" failures="0" tests="12" name="testNG.TestNGParameterization" time="1.546" errors="0" timestamp="2021-07-06T22:15:42 EDT" skipped="0">
  <testcase classname="testNG.TestNGParameterization" name="simpleCheckRegression" time="0.118"/>
  <system-out/>
  <testcase classname="testNG.TestNGParameterization" name="simpleCheckRegression" time="0.139"/>
  <system-out/>
  <testcase classname="testNG.TestNGParameterization" name="simpleCheckRegression" time="0.224"/>
  <system-out/>
  <testcase classname="testNG.TestNGParameterization" name="simpleCheckRegression" time="0.113"/>
  <system-out/>
  <testcase classname="testNG.TestNGParameterization" name="simpleCheckRegression" time="0.129"/>
  <system-out/>
  <testcase classname="testNG.TestNGParameterization" name="simpleCheckRegression" time="0.120"/>
  <system-out/>
  <testcase classname="testNG.TestNGParameterization" name="simpleCheckRegression" time="0.122"/>
  <system-out/>
  <testcase classname="testNG.TestNGParameterization" name="simpleCheckRegression" time="0.113"/>
  <system-out/>
  <testcase classname="testNG.TestNGParameterization" name="simpleCheckRegression" time="0.114"/>
  <system-out/>
  <testcase classname="testNG.TestNGParameterization" name="simpleCheckRegression" time="0.129"/>
  <system-out/>
  <testcase classname="testNG.TestNGParameterization" name="simpleCheckRegression" time="0.112"/>
  <system-out/>
  <testcase classname="testNG.TestNGParameterization" name="simpleCheckRegression" time="0.113"/>
  <system-out/>
</testsuite> <!-- testNG.TestNGParameterization -->
