<?xml version="1.0" encoding="UTF-8"?>
<!-- Generated by org.testng.reporters.JUnitReportReporter -->
<testsuite hostname="DESKTOP-ANVVC6A" failures="0" tests="4" name="test.FlightsPageTest" time="0.000" errors="0" timestamp="2021-07-15T21:04:22 EDT" skipped="4">
  <testcase classname="test.FlightsPageTest" name="roundTripDisplayEnableTest" time="0.000">
    <skipped/>
  </testcase> <!-- roundTripDisplayEnableTest -->
  <system-out/>
  <testcase classname="test.FlightsPageTest" name="roundTripSelectedTest" time="0.000">
    <skipped/>
  </testcase> <!-- roundTripSelectedTest -->
  <system-out/>
  <testcase classname="test.FlightsPageTest" name="oneWayTripSelectedTest" time="0.000">
    <skipped/>
  </testcase> <!-- oneWayTripSelectedTest -->
  <system-out/>
  <testcase classname="test.FlightsPageTest" name="oneWayTripDisplayEnableTest" time="0.000">
    <skipped/>
  </testcase> <!-- oneWayTripDisplayEnableTest -->
  <system-out/>
</testsuite> <!-- test.FlightsPageTest -->
